<?xml version="1.0" encoding="UTF-8"?>
<!-- Generated by org.testng.reporters.JUnitReportReporter -->
<testsuite hostname="DESKTOP-6LSJCEU" failures="0" tests="1" name="TestNG.Demo" time="0.105" errors="0" timestamp="2021-04-01T16:10:41 IST" skipped="0">
  <testcase classname="TestNG.Demo" name="run" time="0.105"/>
  <system-out>
Report msg Both Report+Console  </system-out>
</testsuite> <!-- TestNG.Demo -->
